<?xml version="1.0" encoding="UTF-8"?>
<testsuite xmlns:xsi="http://www.w3.org/2001/XMLSchema-instance" xsi:noNamespaceSchemaLocation="https://maven.apache.org/surefire/maven-surefire-plugin/xsd/surefire-test-report.xsd" version="3.0.2" name="co.edu.unicauca.distribuidos.core.ProyectoApiRestClienteApplicationTests" time="1.31" tests="1" errors="0" skipped="0" failures="0">
  <properties>
    <property name="java.specification.version" value="17"/>
    <property name="sun.jnu.encoding" value="UTF-8"/>
    <property name="java.class.path" value="/Users/danielceron/Documents/lab-software-engeneering-3/exam2/backend/target/test-classes:/Users/danielceron/Documents/lab-software-engeneering-3/exam2/backend/target/classes:/Users/danielceron/.m2/repository/org/springframework/boot/spring-boot-starter-actuator/3.4.4/spring-boot-starter-actuator-3.4.4.jar:/Users/danielceron/.m2/repository/org/springframework/boot/spring-boot-starter/3.4.4/spring-boot-starter-3.4.4.jar:/Users/danielceron/.m2/repository/org/springframework/boot/spring-boot-starter-logging/3.4.4/spring-boot-starter-logging-3.4.4.jar:/Users/danielceron/.m2/repository/ch/qos/logback/logback-classic/1.5.18/logback-classic-1.5.18.jar:/Users/danielceron/.m2/repository/ch/qos/logback/logback-core/1.5.18/logback-core-1.5.18.jar:/Users/danielceron/.m2/repository/org/apache/logging/log4j/log4j-to-slf4j/2.24.3/log4j-to-slf4j-2.24.3.jar:/Users/danielceron/.m2/repository/org/apache/logging/log4j/log4j-api/2.24.3/log4j-api-2.24.3.jar:/Users/danielceron/.m2/repository/org/slf4j/jul-to-slf4j/2.0.17/jul-to-slf4j-2.0.17.jar:/Users/danielceron/.m2/repository/jakarta/annotation/jakarta.annotation-api/2.1.1/jakarta.annotation-api-2.1.1.jar:/Users/danielceron/.m2/repository/org/yaml/snakeyaml/2.3/snakeyaml-2.3.jar:/Users/danielceron/.m2/repository/org/springframework/boot/spring-boot-actuator-autoconfigure/3.4.4/spring-boot-actuator-autoconfigure-3.4.4.jar:/Users/danielceron/.m2/repository/org/springframework/boot/spring-boot-actuator/3.4.4/spring-boot-actuator-3.4.4.jar:/Users/danielceron/.m2/repository/com/fasterxml/jackson/core/jackson-databind/2.18.3/jackson-databind-2.18.3.jar:/Users/danielceron/.m2/repository/com/fasterxml/jackson/core/jackson-annotations/2.18.3/jackson-annotations-2.18.3.jar:/Users/danielceron/.m2/repository/com/fasterxml/jackson/core/jackson-core/2.18.3/jackson-core-2.18.3.jar:/Users/danielceron/.m2/repository/com/fasterxml/jackson/datatype/jackson-datatype-jsr310/2.18.3/jackson-datatype-jsr310-2.18.3.jar:/Users/danielceron/.m2/repository/io/micrometer/micrometer-observation/1.14.5/micrometer-observation-1.14.5.jar:/Users/danielceron/.m2/repository/io/micrometer/micrometer-commons/1.14.5/micrometer-commons-1.14.5.jar:/Users/danielceron/.m2/repository/io/micrometer/micrometer-jakarta9/1.14.5/micrometer-jakarta9-1.14.5.jar:/Users/danielceron/.m2/repository/io/micrometer/micrometer-core/1.14.5/micrometer-core-1.14.5.jar:/Users/danielceron/.m2/repository/org/hdrhistogram/HdrHistogram/2.2.2/HdrHistogram-2.2.2.jar:/Users/danielceron/.m2/repository/org/latencyutils/LatencyUtils/2.0.3/LatencyUtils-2.0.3.jar:/Users/danielceron/.m2/repository/org/springframework/boot/spring-boot-starter-web/3.4.4/spring-boot-starter-web-3.4.4.jar:/Users/danielceron/.m2/repository/org/springframework/boot/spring-boot-starter-json/3.4.4/spring-boot-starter-json-3.4.4.jar:/Users/danielceron/.m2/repository/com/fasterxml/jackson/datatype/jackson-datatype-jdk8/2.18.3/jackson-datatype-jdk8-2.18.3.jar:/Users/danielceron/.m2/repository/com/fasterxml/jackson/module/jackson-module-parameter-names/2.18.3/jackson-module-parameter-names-2.18.3.jar:/Users/danielceron/.m2/repository/org/springframework/boot/spring-boot-starter-tomcat/3.4.4/spring-boot-starter-tomcat-3.4.4.jar:/Users/danielceron/.m2/repository/org/apache/tomcat/embed/tomcat-embed-core/10.1.39/tomcat-embed-core-10.1.39.jar:/Users/danielceron/.m2/repository/org/apache/tomcat/embed/tomcat-embed-el/10.1.39/tomcat-embed-el-10.1.39.jar:/Users/danielceron/.m2/repository/org/apache/tomcat/embed/tomcat-embed-websocket/10.1.39/tomcat-embed-websocket-10.1.39.jar:/Users/danielceron/.m2/repository/org/springframework/spring-web/6.2.5/spring-web-6.2.5.jar:/Users/danielceron/.m2/repository/org/springframework/spring-beans/6.2.5/spring-beans-6.2.5.jar:/Users/danielceron/.m2/repository/org/springframework/spring-webmvc/6.2.5/spring-webmvc-6.2.5.jar:/Users/danielceron/.m2/repository/org/springframework/spring-aop/6.2.5/spring-aop-6.2.5.jar:/Users/danielceron/.m2/repository/org/springframework/spring-context/6.2.5/spring-context-6.2.5.jar:/Users/danielceron/.m2/repository/org/springframework/spring-expression/6.2.5/spring-expression-6.2.5.jar:/Users/danielceron/.m2/repository/org/springframework/boot/spring-boot-devtools/3.4.4/spring-boot-devtools-3.4.4.jar:/Users/danielceron/.m2/repository/org/springframework/boot/spring-boot/3.4.4/spring-boot-3.4.4.jar:/Users/danielceron/.m2/repository/org/springframework/boot/spring-boot-autoconfigure/3.4.4/spring-boot-autoconfigure-3.4.4.jar:/Users/danielceron/.m2/repository/org/springframework/boot/spring-boot-starter-test/3.4.4/spring-boot-starter-test-3.4.4.jar:/Users/danielceron/.m2/repository/org/springframework/boot/spring-boot-test/3.4.4/spring-boot-test-3.4.4.jar:/Users/danielceron/.m2/repository/org/springframework/boot/spring-boot-test-autoconfigure/3.4.4/spring-boot-test-autoconfigure-3.4.4.jar:/Users/danielceron/.m2/repository/com/jayway/jsonpath/json-path/2.9.0/json-path-2.9.0.jar:/Users/danielceron/.m2/repository/org/slf4j/slf4j-api/2.0.17/slf4j-api-2.0.17.jar:/Users/danielceron/.m2/repository/jakarta/xml/bind/jakarta.xml.bind-api/4.0.2/jakarta.xml.bind-api-4.0.2.jar:/Users/danielceron/.m2/repository/jakarta/activation/jakarta.activation-api/2.1.3/jakarta.activation-api-2.1.3.jar:/Users/danielceron/.m2/repository/net/minidev/json-smart/2.5.2/json-smart-2.5.2.jar:/Users/danielceron/.m2/repository/net/minidev/accessors-smart/2.5.2/accessors-smart-2.5.2.jar:/Users/danielceron/.m2/repository/org/ow2/asm/asm/9.7.1/asm-9.7.1.jar:/Users/danielceron/.m2/repository/org/assertj/assertj-core/3.26.3/assertj-core-3.26.3.jar:/Users/danielceron/.m2/repository/net/bytebuddy/byte-buddy/1.15.11/byte-buddy-1.15.11.jar:/Users/danielceron/.m2/repository/org/awaitility/awaitility/4.2.2/awaitility-4.2.2.jar:/Users/danielceron/.m2/repository/org/hamcrest/hamcrest/2.2/hamcrest-2.2.jar:/Users/danielceron/.m2/repository/org/junit/jupiter/junit-jupiter/5.11.4/junit-jupiter-5.11.4.jar:/Users/danielceron/.m2/repository/org/junit/jupiter/junit-jupiter-api/5.11.4/junit-jupiter-api-5.11.4.jar:/Users/danielceron/.m2/repository/org/opentest4j/opentest4j/1.3.0/opentest4j-1.3.0.jar:/Users/danielceron/.m2/repository/org/junit/platform/junit-platform-commons/1.11.4/junit-platform-commons-1.11.4.jar:/Users/danielceron/.m2/repository/org/apiguardian/apiguardian-api/1.1.2/apiguardian-api-1.1.2.jar:/Users/danielceron/.m2/repository/org/junit/jupiter/junit-jupiter-params/5.11.4/junit-jupiter-params-5.11.4.jar:/Users/danielceron/.m2/repository/org/junit/jupiter/junit-jupiter-engine/5.11.4/junit-jupiter-engine-5.11.4.jar:/Users/danielceron/.m2/repository/org/junit/platform/junit-platform-engine/1.11.4/junit-platform-engine-1.11.4.jar:/Users/danielceron/.m2/repository/org/mockito/mockito-core/5.14.2/mockito-core-5.14.2.jar:/Users/danielceron/.m2/repository/net/bytebuddy/byte-buddy-agent/1.15.11/byte-buddy-agent-1.15.11.jar:/Users/danielceron/.m2/repository/org/objenesis/objenesis/3.3/objenesis-3.3.jar:/Users/danielceron/.m2/repository/org/mockito/mockito-junit-jupiter/5.14.2/mockito-junit-jupiter-5.14.2.jar:/Users/danielceron/.m2/repository/org/skyscreamer/jsonassert/1.5.3/jsonassert-1.5.3.jar:/Users/danielceron/.m2/repository/com/vaadin/external/google/android-json/0.0.20131108.vaadin1/android-json-0.0.20131108.vaadin1.jar:/Users/danielceron/.m2/repository/org/springframework/spring-core/6.2.5/spring-core-6.2.5.jar:/Users/danielceron/.m2/repository/org/springframework/spring-jcl/6.2.5/spring-jcl-6.2.5.jar:/Users/danielceron/.m2/repository/org/springframework/spring-test/6.2.5/spring-test-6.2.5.jar:/Users/danielceron/.m2/repository/org/xmlunit/xmlunit-core/2.10.0/xmlunit-core-2.10.0.jar:/Users/danielceron/.m2/repository/org/projectlombok/lombok/1.18.20/lombok-1.18.20.jar:/Users/danielceron/.m2/repository/org/modelmapper/modelmapper/2.4.5/modelmapper-2.4.5.jar:/Users/danielceron/.m2/repository/com/h2database/h2/2.3.232/h2-2.3.232.jar:/Users/danielceron/.m2/repository/org/springframework/boot/spring-boot-starter-jdbc/3.4.4/spring-boot-starter-jdbc-3.4.4.jar:/Users/danielceron/.m2/repository/com/zaxxer/HikariCP/5.1.0/HikariCP-5.1.0.jar:/Users/danielceron/.m2/repository/org/springframework/spring-jdbc/6.2.5/spring-jdbc-6.2.5.jar:/Users/danielceron/.m2/repository/org/springframework/spring-tx/6.2.5/spring-tx-6.2.5.jar:"/>
    <property name="java.vm.vendor" value="Homebrew"/>
    <property name="sun.arch.data.model" value="64"/>
    <property name="java.vendor.url" value="https://github.com/Homebrew/homebrew-core/issues"/>
    <property name="user.timezone" value="America/Bogota"/>
    <property name="os.name" value="Mac OS X"/>
    <property name="java.vm.specification.version" value="17"/>
    <property name="sun.java.launcher" value="SUN_STANDARD"/>
    <property name="user.country" value="US"/>
    <property name="sun.boot.library.path" value="/opt/homebrew/Cellar/openjdk@17/17.0.14/libexec/openjdk.jdk/Contents/Home/lib"/>
    <property name="sun.java.command" value="/Users/danielceron/Documents/lab-software-engeneering-3/exam2/backend/target/surefire/surefirebooter-20250510205335911_3.jar /Users/danielceron/Documents/lab-software-engeneering-3/exam2/backend/target/surefire 2025-05-10T20-53-35_878-jvmRun1 surefire-20250510205335911_1tmp surefire_0-20250510205335911_2tmp"/>
    <property name="http.nonProxyHosts" value="local|*.local|169.254/16|*.169.254/16"/>
    <property name="jdk.debug" value="release"/>
    <property name="surefire.test.class.path" value="/Users/danielceron/Documents/lab-software-engeneering-3/exam2/backend/target/test-classes:/Users/danielceron/Documents/lab-software-engeneering-3/exam2/backend/target/classes:/Users/danielceron/.m2/repository/org/springframework/boot/spring-boot-starter-actuator/3.4.4/spring-boot-starter-actuator-3.4.4.jar:/Users/danielceron/.m2/repository/org/springframework/boot/spring-boot-starter/3.4.4/spring-boot-starter-3.4.4.jar:/Users/danielceron/.m2/repository/org/springframework/boot/spring-boot-starter-logging/3.4.4/spring-boot-starter-logging-3.4.4.jar:/Users/danielceron/.m2/repository/ch/qos/logback/logback-classic/1.5.18/logback-classic-1.5.18.jar:/Users/danielceron/.m2/repository/ch/qos/logback/logback-core/1.5.18/logback-core-1.5.18.jar:/Users/danielceron/.m2/repository/org/apache/logging/log4j/log4j-to-slf4j/2.24.3/log4j-to-slf4j-2.24.3.jar:/Users/danielceron/.m2/repository/org/apache/logging/log4j/log4j-api/2.24.3/log4j-api-2.24.3.jar:/Users/danielceron/.m2/repository/org/slf4j/jul-to-slf4j/2.0.17/jul-to-slf4j-2.0.17.jar:/Users/danielceron/.m2/repository/jakarta/annotation/jakarta.annotation-api/2.1.1/jakarta.annotation-api-2.1.1.jar:/Users/danielceron/.m2/repository/org/yaml/snakeyaml/2.3/snakeyaml-2.3.jar:/Users/danielceron/.m2/repository/org/springframework/boot/spring-boot-actuator-autoconfigure/3.4.4/spring-boot-actuator-autoconfigure-3.4.4.jar:/Users/danielceron/.m2/repository/org/springframework/boot/spring-boot-actuator/3.4.4/spring-boot-actuator-3.4.4.jar:/Users/danielceron/.m2/repository/com/fasterxml/jackson/core/jackson-databind/2.18.3/jackson-databind-2.18.3.jar:/Users/danielceron/.m2/repository/com/fasterxml/jackson/core/jackson-annotations/2.18.3/jackson-annotations-2.18.3.jar:/Users/danielceron/.m2/repository/com/fasterxml/jackson/core/jackson-core/2.18.3/jackson-core-2.18.3.jar:/Users/danielceron/.m2/repository/com/fasterxml/jackson/datatype/jackson-datatype-jsr310/2.18.3/jackson-datatype-jsr310-2.18.3.jar:/Users/danielceron/.m2/repository/io/micrometer/micrometer-observation/1.14.5/micrometer-observation-1.14.5.jar:/Users/danielceron/.m2/repository/io/micrometer/micrometer-commons/1.14.5/micrometer-commons-1.14.5.jar:/Users/danielceron/.m2/repository/io/micrometer/micrometer-jakarta9/1.14.5/micrometer-jakarta9-1.14.5.jar:/Users/danielceron/.m2/repository/io/micrometer/micrometer-core/1.14.5/micrometer-core-1.14.5.jar:/Users/danielceron/.m2/repository/org/hdrhistogram/HdrHistogram/2.2.2/HdrHistogram-2.2.2.jar:/Users/danielceron/.m2/repository/org/latencyutils/LatencyUtils/2.0.3/LatencyUtils-2.0.3.jar:/Users/danielceron/.m2/repository/org/springframework/boot/spring-boot-starter-web/3.4.4/spring-boot-starter-web-3.4.4.jar:/Users/danielceron/.m2/repository/org/springframework/boot/spring-boot-starter-json/3.4.4/spring-boot-starter-json-3.4.4.jar:/Users/danielceron/.m2/repository/com/fasterxml/jackson/datatype/jackson-datatype-jdk8/2.18.3/jackson-datatype-jdk8-2.18.3.jar:/Users/danielceron/.m2/repository/com/fasterxml/jackson/module/jackson-module-parameter-names/2.18.3/jackson-module-parameter-names-2.18.3.jar:/Users/danielceron/.m2/repository/org/springframework/boot/spring-boot-starter-tomcat/3.4.4/spring-boot-starter-tomcat-3.4.4.jar:/Users/danielceron/.m2/repository/org/apache/tomcat/embed/tomcat-embed-core/10.1.39/tomcat-embed-core-10.1.39.jar:/Users/danielceron/.m2/repository/org/apache/tomcat/embed/tomcat-embed-el/10.1.39/tomcat-embed-el-10.1.39.jar:/Users/danielceron/.m2/repository/org/apache/tomcat/embed/tomcat-embed-websocket/10.1.39/tomcat-embed-websocket-10.1.39.jar:/Users/danielceron/.m2/repository/org/springframework/spring-web/6.2.5/spring-web-6.2.5.jar:/Users/danielceron/.m2/repository/org/springframework/spring-beans/6.2.5/spring-beans-6.2.5.jar:/Users/danielceron/.m2/repository/org/springframework/spring-webmvc/6.2.5/spring-webmvc-6.2.5.jar:/Users/danielceron/.m2/repository/org/springframework/spring-aop/6.2.5/spring-aop-6.2.5.jar:/Users/danielceron/.m2/repository/org/springframework/spring-context/6.2.5/spring-context-6.2.5.jar:/Users/danielceron/.m2/repository/org/springframework/spring-expression/6.2.5/spring-expression-6.2.5.jar:/Users/danielceron/.m2/repository/org/springframework/boot/spring-boot-devtools/3.4.4/spring-boot-devtools-3.4.4.jar:/Users/danielceron/.m2/repository/org/springframework/boot/spring-boot/3.4.4/spring-boot-3.4.4.jar:/Users/danielceron/.m2/repository/org/springframework/boot/spring-boot-autoconfigure/3.4.4/spring-boot-autoconfigure-3.4.4.jar:/Users/danielceron/.m2/repository/org/springframework/boot/spring-boot-starter-test/3.4.4/spring-boot-starter-test-3.4.4.jar:/Users/danielceron/.m2/repository/org/springframework/boot/spring-boot-test/3.4.4/spring-boot-test-3.4.4.jar:/Users/danielceron/.m2/repository/org/springframework/boot/spring-boot-test-autoconfigure/3.4.4/spring-boot-test-autoconfigure-3.4.4.jar:/Users/danielceron/.m2/repository/com/jayway/jsonpath/json-path/2.9.0/json-path-2.9.0.jar:/Users/danielceron/.m2/repository/org/slf4j/slf4j-api/2.0.17/slf4j-api-2.0.17.jar:/Users/danielceron/.m2/repository/jakarta/xml/bind/jakarta.xml.bind-api/4.0.2/jakarta.xml.bind-api-4.0.2.jar:/Users/danielceron/.m2/repository/jakarta/activation/jakarta.activation-api/2.1.3/jakarta.activation-api-2.1.3.jar:/Users/danielceron/.m2/repository/net/minidev/json-smart/2.5.2/json-smart-2.5.2.jar:/Users/danielceron/.m2/repository/net/minidev/accessors-smart/2.5.2/accessors-smart-2.5.2.jar:/Users/danielceron/.m2/repository/org/ow2/asm/asm/9.7.1/asm-9.7.1.jar:/Users/danielceron/.m2/repository/org/assertj/assertj-core/3.26.3/assertj-core-3.26.3.jar:/Users/danielceron/.m2/repository/net/bytebuddy/byte-buddy/1.15.11/byte-buddy-1.15.11.jar:/Users/danielceron/.m2/repository/org/awaitility/awaitility/4.2.2/awaitility-4.2.2.jar:/Users/danielceron/.m2/repository/org/hamcrest/hamcrest/2.2/hamcrest-2.2.jar:/Users/danielceron/.m2/repository/org/junit/jupiter/junit-jupiter/5.11.4/junit-jupiter-5.11.4.jar:/Users/danielceron/.m2/repository/org/junit/jupiter/junit-jupiter-api/5.11.4/junit-jupiter-api-5.11.4.jar:/Users/danielceron/.m2/repository/org/opentest4j/opentest4j/1.3.0/opentest4j-1.3.0.jar:/Users/danielceron/.m2/repository/org/junit/platform/junit-platform-commons/1.11.4/junit-platform-commons-1.11.4.jar:/Users/danielceron/.m2/repository/org/apiguardian/apiguardian-api/1.1.2/apiguardian-api-1.1.2.jar:/Users/danielceron/.m2/repository/org/junit/jupiter/junit-jupiter-params/5.11.4/junit-jupiter-params-5.11.4.jar:/Users/danielceron/.m2/repository/org/junit/jupiter/junit-jupiter-engine/5.11.4/junit-jupiter-engine-5.11.4.jar:/Users/danielceron/.m2/repository/org/junit/platform/junit-platform-engine/1.11.4/junit-platform-engine-1.11.4.jar:/Users/danielceron/.m2/repository/org/mockito/mockito-core/5.14.2/mockito-core-5.14.2.jar:/Users/danielceron/.m2/repository/net/bytebuddy/byte-buddy-agent/1.15.11/byte-buddy-agent-1.15.11.jar:/Users/danielceron/.m2/repository/org/objenesis/objenesis/3.3/objenesis-3.3.jar:/Users/danielceron/.m2/repository/org/mockito/mockito-junit-jupiter/5.14.2/mockito-junit-jupiter-5.14.2.jar:/Users/danielceron/.m2/repository/org/skyscreamer/jsonassert/1.5.3/jsonassert-1.5.3.jar:/Users/danielceron/.m2/repository/com/vaadin/external/google/android-json/0.0.20131108.vaadin1/android-json-0.0.20131108.vaadin1.jar:/Users/danielceron/.m2/repository/org/springframework/spring-core/6.2.5/spring-core-6.2.5.jar:/Users/danielceron/.m2/repository/org/springframework/spring-jcl/6.2.5/spring-jcl-6.2.5.jar:/Users/danielceron/.m2/repository/org/springframework/spring-test/6.2.5/spring-test-6.2.5.jar:/Users/danielceron/.m2/repository/org/xmlunit/xmlunit-core/2.10.0/xmlunit-core-2.10.0.jar:/Users/danielceron/.m2/repository/org/projectlombok/lombok/1.18.20/lombok-1.18.20.jar:/Users/danielceron/.m2/repository/org/modelmapper/modelmapper/2.4.5/modelmapper-2.4.5.jar:/Users/danielceron/.m2/repository/com/h2database/h2/2.3.232/h2-2.3.232.jar:/Users/danielceron/.m2/repository/org/springframework/boot/spring-boot-starter-jdbc/3.4.4/spring-boot-starter-jdbc-3.4.4.jar:/Users/danielceron/.m2/repository/com/zaxxer/HikariCP/5.1.0/HikariCP-5.1.0.jar:/Users/danielceron/.m2/repository/org/springframework/spring-jdbc/6.2.5/spring-jdbc-6.2.5.jar:/Users/danielceron/.m2/repository/org/springframework/spring-tx/6.2.5/spring-tx-6.2.5.jar:"/>
    <property name="sun.cpu.endian" value="little"/>
    <property name="user.home" value="/Users/danielceron"/>
    <property name="user.language" value="en"/>
    <property name="java.specification.vendor" value="Oracle Corporation"/>
    <property name="java.version.date" value="2025-01-21"/>
    <property name="java.home" value="/opt/homebrew/Cellar/openjdk@17/17.0.14/libexec/openjdk.jdk/Contents/Home"/>
    <property name="file.separator" value="/"/>
    <property name="basedir" value="/Users/danielceron/Documents/lab-software-engeneering-3/exam2/backend"/>
    <property name="java.vm.compressedOopsMode" value="Zero based"/>
    <property name="line.separator" value="&#10;"/>
    <property name="java.vm.specification.vendor" value="Oracle Corporation"/>
    <property name="java.specification.name" value="Java Platform API Specification"/>
    <property name="FILE_LOG_CHARSET" value="UTF-8"/>
    <property name="java.awt.headless" value="true"/>
    <property name="surefire.real.class.path" value="/Users/danielceron/Documents/lab-software-engeneering-3/exam2/backend/target/surefire/surefirebooter-20250510205335911_3.jar"/>
    <property name="sun.management.compiler" value="HotSpot 64-Bit Tiered Compilers"/>
    <property name="ftp.nonProxyHosts" value="local|*.local|169.254/16|*.169.254/16"/>
    <property name="java.runtime.version" value="17.0.14+0"/>
    <property name="user.name" value="danielceron"/>
    <property name="path.separator" value=":"/>
    <property name="os.version" value="15.3.1"/>
    <property name="java.runtime.name" value="OpenJDK Runtime Environment"/>
    <property name="file.encoding" value="UTF-8"/>
    <property name="java.vm.name" value="OpenJDK 64-Bit Server VM"/>
    <property name="java.vendor.version" value="Homebrew"/>
    <property name="localRepository" value="/Users/danielceron/.m2/repository"/>
    <property name="java.vendor.url.bug" value="https://github.com/Homebrew/homebrew-core/issues"/>
    <property name="java.io.tmpdir" value="/var/folders/rd/sm75t7c97zv736spkwr85xy40000gn/T/"/>
    <property name="com.zaxxer.hikari.pool_number" value="1"/>
    <property name="java.version" value="17.0.14"/>
    <property name="user.dir" value="/Users/danielceron/Documents/lab-software-engeneering-3/exam2/backend"/>
    <property name="os.arch" value="aarch64"/>
    <property name="java.vm.specification.name" value="Java Virtual Machine Specification"/>
    <property name="PID" value="55700"/>
    <property name="CONSOLE_LOG_CHARSET" value="UTF-8"/>
    <property name="native.encoding" value="UTF-8"/>
    <property name="java.library.path" value="/Users/danielceron/Library/Java/Extensions:/Library/Java/Extensions:/Network/Library/Java/Extensions:/System/Library/Java/Extensions:/usr/lib/java:."/>
    <property name="java.vm.info" value="mixed mode, sharing"/>
    <property name="java.vendor" value="Homebrew"/>
    <property name="java.vm.version" value="17.0.14+0"/>
    <property name="java.specification.maintenance.version" value="1"/>
    <property name="sun.io.unicode.encoding" value="UnicodeBig"/>
    <property name="socksNonProxyHosts" value="local|*.local|169.254/16|*.169.254/16"/>
    <property name="java.class.version" value="61.0"/>
  </properties>
  <testcase name="contextLoads" classname="co.edu.unicauca.distribuidos.core.ProyectoApiRestClienteApplicationTests" time="0.327">
    <system-out><![CDATA[20:53:36.251 [main] INFO org.springframework.boot.devtools.restart.RestartApplicationListener -- Restart disabled due to context in which it is running

  .   ____          _            __ _ _
 /\\ / ___'_ __ _ _(_)_ __  __ _ \ \ \ \
( ( )\___ | '_ | '_| | '_ \/ _` | \ \ \ \
 \\/  ___)| |_)| | | | | || (_| |  ) ) ) )
  '  |____| .__|_| |_|_| |_\__, | / / / /
 =========|_|==============|___/=/_/_/_/

 :: Spring Boot ::                (v3.4.4)

2025-05-10T20:53:36.347-05:00  INFO 55700 --- [           main] c.ProyectoApiRestClienteApplicationTests : Starting ProyectoApiRestClienteApplicationTests using Java 17.0.14 with PID 55700 (started by danielceron in /Users/danielceron/Documents/lab-software-engeneering-3/exam2/backend)
2025-05-10T20:53:36.347-05:00  INFO 55700 --- [           main] c.ProyectoApiRestClienteApplicationTests : No active profile set, falling back to 1 default profile: "default"
2025-05-10T20:53:36.964-05:00  INFO 55700 --- [           main] com.zaxxer.hikari.HikariDataSource       : HikariPool-1 - Starting...
2025-05-10T20:53:37.029-05:00  INFO 55700 --- [           main] com.zaxxer.hikari.pool.HikariPool        : HikariPool-1 - Added connection conn0: url=jdbc:h2:mem:testdb user=SA
2025-05-10T20:53:37.030-05:00  INFO 55700 --- [           main] com.zaxxer.hikari.HikariDataSource       : HikariPool-1 - Start completed.
2025-05-10T20:53:37.034-05:00  INFO 55700 --- [           main] o.s.b.a.h2.H2ConsoleAutoConfiguration    : H2 console available at '/h2-console'. Database available at 'jdbc:h2:mem:testdb'
2025-05-10T20:53:37.039-05:00 DEBUG 55700 --- [           main] o.s.jdbc.datasource.init.ScriptUtils     : Executing SQL script from file [/Users/danielceron/Documents/lab-software-engeneering-3/exam2/backend/target/classes/schema.sql]
2025-05-10T20:53:37.043-05:00 DEBUG 55700 --- [           main] o.s.jdbc.datasource.init.ScriptUtils     : 0 returned as update count for SQL: CREATE TABLE categorias ( id INT AUTO_INCREMENT PRIMARY KEY, nombreCategoria VARCHAR(255) )
2025-05-10T20:53:37.048-05:00 DEBUG 55700 --- [           main] o.s.jdbc.datasource.init.ScriptUtils     : 0 returned as update count for SQL: CREATE TABLE clientes ( id INT AUTO_INCREMENT PRIMARY KEY, nombre VARCHAR(255), apellido VARCHAR(255), email VARCHAR(255), createAt DATE, idCategoria INT, FOREIGN KEY (idCategoria) REFERENCES categorias (id) )
2025-05-10T20:53:37.048-05:00 DEBUG 55700 --- [           main] o.s.jdbc.datasource.init.ScriptUtils     : 0 returned as update count for SQL: CREATE TABLE salones ( id INT AUTO_INCREMENT PRIMARY KEY, code VARCHAR(100), name VARCHAR(255), location VARCHAR(255) )
2025-05-10T20:53:37.050-05:00 DEBUG 55700 --- [           main] o.s.jdbc.datasource.init.ScriptUtils     : 0 returned as update count for SQL: CREATE TABLE reservas ( id INT AUTO_INCREMENT PRIMARY KEY, name VARCHAR(255), surname VARCHAR(255), location VARCHAR(255), people_amount INT, date DATE, start_time TIME, end_time TIME, salon_id INT, FOREIGN KEY (salon_id) REFERENCES salones (id) )
2025-05-10T20:53:37.050-05:00 DEBUG 55700 --- [           main] o.s.jdbc.datasource.init.ScriptUtils     : Executed SQL script from file [/Users/danielceron/Documents/lab-software-engeneering-3/exam2/backend/target/classes/schema.sql] in 11 ms.
2025-05-10T20:53:37.051-05:00 DEBUG 55700 --- [           main] o.s.jdbc.datasource.init.ScriptUtils     : Executing SQL script from file [/Users/danielceron/Documents/lab-software-engeneering-3/exam2/backend/target/classes/data.sql]
2025-05-10T20:53:37.052-05:00 DEBUG 55700 --- [           main] o.s.jdbc.datasource.init.ScriptUtils     : 1 returned as update count for SQL: INSERT INTO categorias (id, nombreCategoria) VALUES (1, 'Bronce')
2025-05-10T20:53:37.052-05:00 DEBUG 55700 --- [           main] o.s.jdbc.datasource.init.ScriptUtils     : 1 returned as update count for SQL: INSERT INTO categorias (id, nombreCategoria) VALUES (2, 'Plata')
2025-05-10T20:53:37.052-05:00 DEBUG 55700 --- [           main] o.s.jdbc.datasource.init.ScriptUtils     : 1 returned as update count for SQL: INSERT INTO categorias (id, nombreCategoria) VALUES (3, 'Oro')
2025-05-10T20:53:37.053-05:00 DEBUG 55700 --- [           main] o.s.jdbc.datasource.init.ScriptUtils     : 1 returned as update count for SQL: INSERT INTO clientes (nombre, apellido, email, createAt, idCategoria) VALUES ('Juan', 'Perez', 'juan@unicauca.edu.co', '2025-01-22', 1)
2025-05-10T20:53:37.053-05:00 DEBUG 55700 --- [           main] o.s.jdbc.datasource.init.ScriptUtils     : 1 returned as update count for SQL: INSERT INTO clientes (nombre, apellido, email, createAt, idCategoria) VALUES ('Catalina', 'Lopez', 'catalina@unicauca.edu.co', '2025-03-22', 2)
2025-05-10T20:53:37.053-05:00 DEBUG 55700 --- [           main] o.s.jdbc.datasource.init.ScriptUtils     : 1 returned as update count for SQL: INSERT INTO clientes (nombre, apellido, email, createAt, idCategoria) VALUES ('Sandra', 'Sanchez', 'sandra@unicauca.edu.co', '2025-06-22', 3)
2025-05-10T20:53:37.053-05:00 DEBUG 55700 --- [           main] o.s.jdbc.datasource.init.ScriptUtils     : 1 returned as update count for SQL: INSERT INTO clientes (nombre, apellido, email, createAt, idCategoria) VALUES ('Andres', 'Perez', 'andres@unicauca.edu.co', '2025-04-22', 1)
2025-05-10T20:53:37.053-05:00 DEBUG 55700 --- [           main] o.s.jdbc.datasource.init.ScriptUtils     : 3 returned as update count for SQL: INSERT INTO salones (code, name, location) VALUES ('SAL001', 'Auditorio Principal', 'Edificio A'), ('SAL002', 'Sala de Conferencias', 'Edificio B'), ('SAL003', 'Laboratorio de Computación', 'Edificio C')
2025-05-10T20:53:37.054-05:00 DEBUG 55700 --- [           main] o.s.jdbc.datasource.init.ScriptUtils     : 3 returned as update count for SQL: INSERT INTO reservas (name, surname, location, people_amount, date, start_time, end_time, salon_id) VALUES ('Carlos', 'Gomez', 'Medellín', 20, '2025-05-12', '09:00', '11:00', 1), ('Maria', 'Rodriguez', 'Cali', 15, '2025-05-13', '13:00', '15:00', 2), ('Luis', 'Martinez', 'Bogotá', 30, '2025-05-14', '16:00', '18:00', 3)
2025-05-10T20:53:37.054-05:00 DEBUG 55700 --- [           main] o.s.jdbc.datasource.init.ScriptUtils     : Executed SQL script from file [/Users/danielceron/Documents/lab-software-engeneering-3/exam2/backend/target/classes/data.sql] in 3 ms.
2025-05-10T20:53:37.065-05:00  INFO 55700 --- [           main] o.s.b.a.e.web.EndpointLinksResolver      : Exposing 1 endpoint beneath base path '/actuator'
2025-05-10T20:53:37.095-05:00  INFO 55700 --- [           main] c.ProyectoApiRestClienteApplicationTests : Started ProyectoApiRestClienteApplicationTests in 0.848 seconds (process running for 1.142)
]]></system-out>
  </testcase>
</testsuite>